<?xml version="1.0" encoding="UTF-8"?>
<testng-results skipped="0" failed="0" ignored="0" total="3" passed="3">
  <reporter-output>
  </reporter-output>
  <suite name="Suite" duration-ms="11265" started-at="2021-07-12T18:51:58 IST" finished-at="2021-07-12T18:52:09 IST">
    <groups>
    </groups>
    <test name="Test" duration-ms="6787" started-at="2021-07-12T18:51:58 IST" finished-at="2021-07-12T18:52:05 IST">
      <class name="tests.HomePageTest">
        <test-method status="PASS" signature="setUp()[pri:0, instance:tests.HomePageTest@3ce1e309]" name="setUp" is-config="true" duration-ms="5107" started-at="2021-07-12T18:51:58 IST" finished-at="2021-07-12T18:52:03 IST">
          <reporter-output>
          </reporter-output>
        </test-method> <!-- setUp -->
        <test-method status="PASS" signature="homePageValidation()[pri:0, instance:tests.HomePageTest@3ce1e309]" name="homePageValidation" duration-ms="137" started-at="2021-07-12T18:52:03 IST" finished-at="2021-07-12T18:52:03 IST">
          <reporter-output>
          </reporter-output>
        </test-method> <!-- homePageValidation -->
        <test-method status="PASS" signature="tearDown()[pri:0, instance:tests.HomePageTest@3ce1e309]" name="tearDown" is-config="true" duration-ms="1471" started-at="2021-07-12T18:52:03 IST" finished-at="2021-07-12T18:52:05 IST">
          <reporter-output>
          </reporter-output>
        </test-method> <!-- tearDown -->
      </class> <!-- tests.HomePageTest -->
    </test> <!-- Test -->
    <test name="Test1" duration-ms="11265" started-at="2021-07-12T18:51:58 IST" finished-at="2021-07-12T18:52:09 IST">
      <class name="tests.LoginPageTest">
        <test-method status="PASS" signature="setUp()[pri:0, instance:tests.LoginPageTest@223d2c72]" name="setUp" is-config="true" duration-ms="5928" started-at="2021-07-12T18:51:58 IST" finished-at="2021-07-12T18:52:04 IST">
          <reporter-output>
          </reporter-output>
        </test-method> <!-- setUp -->
        <test-method status="PASS" signature="validateLoginPage(java.lang.String,java.lang.String)[pri:0, instance:tests.LoginPageTest@223d2c72]" name="validateLoginPage" duration-ms="2359" started-at="2021-07-12T18:52:04 IST" data-provider="getData" finished-at="2021-07-12T18:52:06 IST">
          <params>
            <param index="0">
              <value>
                <![CDATA[dhananjaypandey06@gmail.com]]>
              </value>
            </param>
            <param index="1">
              <value>
                <![CDATA[helloworld]]>
              </value>
            </param>
          </params>
          <reporter-output>
          </reporter-output>
        </test-method> <!-- validateLoginPage -->
        <test-method status="PASS" signature="validateLoginPage(java.lang.String,java.lang.String)[pri:0, instance:tests.LoginPageTest@223d2c72]" name="validateLoginPage" duration-ms="2302" started-at="2021-07-12T18:52:06 IST" data-provider="getData" finished-at="2021-07-12T18:52:08 IST">
          <params>
            <param index="0">
              <value>
                <![CDATA[asswhole@gmail.com]]>
              </value>
            </param>
            <param index="1">
              <value>
                <![CDATA[helloworld]]>
              </value>
            </param>
          </params>
          <reporter-output>
          </reporter-output>
        </test-method> <!-- validateLoginPage -->
        <test-method status="PASS" signature="tearDown()[pri:0, instance:tests.LoginPageTest@223d2c72]" name="tearDown" is-config="true" duration-ms="651" started-at="2021-07-12T18:52:08 IST" finished-at="2021-07-12T18:52:09 IST">
          <reporter-output>
          </reporter-output>
        </test-method> <!-- tearDown -->
      </class> <!-- tests.LoginPageTest -->
    </test> <!-- Test1 -->
  </suite> <!-- Suite -->
</testng-results>
