<?xml version="1.0" encoding="UTF-8"?>
<testsuite xmlns:xsi="http://www.w3.org/2001/XMLSchema-instance" xsi:noNamespaceSchemaLocation="https://maven.apache.org/surefire/maven-surefire-plugin/xsd/surefire-test-report.xsd" name="TestSuite" time="30.301" tests="3" errors="0" skipped="0" failures="1">
  <properties>
[...]
</properties>
  <testcase name="homePageValidation" classname="tests.HomePageTest" time="0.646">
    <failure message="expected [FEATURED COURSE] but found [FEATURED COURSES]" type="java.lang.AssertionError">java.lang.AssertionError: expected [FEATURED COURSE] but found [FEATURED COURSES]
	at tests.HomePageTest.homePageValidation(HomePageTest.java:33)
</failure>
    <system-out><![CDATA[homePageValidation Failed.....
]]></system-out>
    <system-err><![CDATA[log4j:WARN Continuable parsing error 3 and column 69
log4j:WARN Document root element "log4j:configuration", must match DOCTYPE root "null".
log4j:WARN Continuable parsing error 3 and column 69
log4j:WARN Document is invalid: no grammar found.
Starting ChromeDriver 90.0.4430.24 (4c6d850f087da467d926e8eddb76550aed655991-refs/branch-heads/4430@{#429}) on port 8573
Only local connections are allowed.
Please see https://chromedriver.chromium.org/security-considerations for suggestions on keeping ChromeDriver safe.
Starting ChromeDriver 90.0.4430.24 (4c6d850f087da467d926e8eddb76550aed655991-refs/branch-heads/4430@{#429}) on port 23463
Only local connections are allowed.
Please see https://chromedriver.chromium.org/security-considerations for suggestions on keeping ChromeDriver safe.
ChromeDriver was started successfully.
ChromeDriver was started successfully.
[1624809584.416][WARNING]: This version of ChromeDriver has not been tested with Chrome version 91.
[1624809584.450][WARNING]: This version of ChromeDriver has not been tested with Chrome version 91.
Jun 27, 2021 9:29:44 PM org.openqa.selenium.remote.ProtocolHandshake createSession
INFO: Detected dialect: W3C
Jun 27, 2021 9:29:44 PM org.openqa.selenium.remote.ProtocolHandshake createSession
INFO: Detected dialect: W3C
]]></system-err>
  </testcase>
  <testcase name="validateLoginPage" classname="tests.LoginPageTest" time="2.426"/>
  <testcase name="validateLoginPage" classname="tests.LoginPageTest" time="2.465"/>
</testsuite>